==2012263== Cachegrind, a cache and branch-prediction profiler
==2012263== Copyright (C) 2002-2017, and GNU GPL'd, by Nicholas Nethercote et al.
==2012263== Using Valgrind-3.18.1 and LibVEX; rerun with -h for copyright info
==2012263== Command: ./Paths -timing -longest 0 1 200 0
==2012263== Parent PID: 2010899
==2012263== 
--2012263-- warning: L3 cache found, using its data for the LL simulation.
--2012263-- warning: specified LL cache: line_size 64  assoc 15  total_size 27,525,120
--2012263-- warning: simulated LL cache: line_size 64  assoc 26  total_size 27,262,976
==2012263== 
==2012263== I   refs:      279,961
==2012263== I1  misses:      1,301
==2012263== LLi misses:      1,282
==2012263== I1  miss rate:    0.46%
==2012263== LLi miss rate:    0.46%
==2012263== 
==2012263== D   refs:      115,294  (85,479 rd   + 29,815 wr)
==2012263== D1  misses:      2,423  ( 1,571 rd   +    852 wr)
==2012263== LLd misses:      2,165  ( 1,349 rd   +    816 wr)
==2012263== D1  miss rate:     2.1% (   1.8%     +    2.9%  )
==2012263== LLd miss rate:     1.9% (   1.6%     +    2.7%  )
==2012263== 
==2012263== LL refs:         3,724  ( 2,872 rd   +    852 wr)
==2012263== LL misses:       3,447  ( 2,631 rd   +    816 wr)
==2012263== LL miss rate:      0.9% (   0.7%     +    2.7%  )
